Unity Editor version:    6000.3.8f1 (1c7db571dde0)
Branch:                  6000.3/staging
Build type:              Release
Batch mode:              YES
macOS version:           Version 26.2 (Build 25C56)
Darwin version:          25.2.0
Architecture:            arm64
Running under Rosetta:   NO
Available memory:        16384 MB
Date:                    2026-02-11T20:08:01Z
[Licensing::Module] Trying to connect to existing licensing client channel...
[Licensing::IpcConnector] Successfully connected to: "LicenseClient-dnzngn" at "2026-02-11T20:08:01.182803Z"

COMMAND LINE ARGUMENTS:
/Applications/Unity/Hub/Editor/6000.3.8f1/Unity.app/Contents/MacOS/Unity
-adb2
-batchMode
-noUpm
-name
AssetImportWorker0
-projectPath
/Users/dnzngn/Desktop/BezierSplineAdastec
-logFile
Logs/AssetImportWorker0.log
-srvPort
52368
-job-worker-count
3
-background-job-worker-count
8
-gc-helper-count
1
-name AssetImport
Successfully changed project path to: /Users/dnzngn/Desktop/BezierSplineAdastec
/Users/dnzngn/Desktop/BezierSplineAdastec
[UnityMemory] Configuration Parameters - Can be set up in boot.config
    "memorysetup-allocator-temp-initial-block-size-main=262144"
    "memorysetup-allocator-temp-initial-block-size-worker=262144"
    "memorysetup-temp-allocator-size-background-worker=32768"
    "memorysetup-temp-allocator-size-job-worker=262144"
    "memorysetup-temp-allocator-size-preload-manager=33554432"
    "memorysetup-temp-allocator-size-nav-mesh-worker=65536"
    "memorysetup-temp-allocator-size-audio-worker=65536"
    "memorysetup-temp-allocator-size-cloud-worker=32768"
    "memorysetup-bucket-allocator-granularity=16"
    "memorysetup-bucket-allocator-bucket-count=8"
    "memorysetup-bucket-allocator-block-size=33554432"
    "memorysetup-bucket-allocator-block-count=8"
    "memorysetup-main-allocator-block-size=16777216"
    "memorysetup-thread-allocator-block-size=16777216"
    "memorysetup-gfx-main-allocator-block-size=16777216"
    "memorysetup-gfx-thread-allocator-block-size=16777216"
    "memorysetup-cache-allocator-block-size=4194304"
    "memorysetup-typetree-allocator-block-size=2097152"
    "memorysetup-profiler-bucket-allocator-granularity=16"
    "memorysetup-profiler-bucket-allocator-bucket-count=8"
    "memorysetup-profiler-bucket-allocator-block-size=33554432"
    "memorysetup-profiler-bucket-allocator-block-count=8"
    "memorysetup-profiler-allocator-block-size=16777216"
    "memorysetup-profiler-editor-allocator-block-size=1048576"
    "memorysetup-temp-allocator-size-main=16777216"
    "memorysetup-job-temp-allocator-block-size=2097152"
    "memorysetup-job-temp-allocator-block-size-background=1048576"
    "memorysetup-job-temp-allocator-reduction-small-platforms=262144"
    "memorysetup-temp-allocator-size-gi-baking-worker=262144"
    "memorysetup-temp-allocator-size-gi-baking-worker=262144"
    "memorysetup-temp-allocator-size-gi-baking-worker=262144"
    "memorysetup-temp-allocator-size-gi-baking-worker=262144"
    "memorysetup-temp-allocator-size-gi-baking-worker=262144"
    "memorysetup-temp-allocator-size-gfx=262144"
Player connection [8447749184]  Target information:

Player connection [8447749184]  * "[IP] 192.168.1.101 [Port] 0 [Flags] 2 [Guid] 231596131 [EditorId] 231596131 [Version] 1048832 [Id] OSXEditor(0,Deniz-M1-Pro.local) [Debug] 1 [PackageName] OSXEditor [ProjectName] Editor" 

Player connection [8447749184]  * "[IP] 169.254.99.142 [Port] 0 [Flags] 2 [Guid] 231596131 [EditorId] 231596131 [Version] 1048832 [Id] OSXEditor(0,Deniz-M1-Pro.local) [Debug] 1 [PackageName] OSXEditor [ProjectName] Editor" 

Player connection [8447749184] Host joined multi-casting on [225.0.0.222:54997]...
Player connection [8447749184] Host joined alternative multi-casting on [225.0.0.222:34997]...
JobSystem: Creating JobQueue using job-worker-count value 3
Input System module state changed to: Initialized.
[Physics::Module] Initialized fallback backend.
[Physics::Module] Id: 0xdecafbad
Library Redirect Path: Library/
[Physics::Module] Selected backend.
[Physics::Module] Name: PhysX
[Physics::Module] Id: 0xf2b8ea05
[Physics::Module] SDK Version: 4.1.2
[Physics::Module] Integration Version: 1.0.0
[Physics::Module] Threading Mode: Multi-Threaded
Refreshing native plugins compatible for Editor in 2.38 ms, found 1 plugins.
Preloading 0 native plugins for Editor in 0.00 ms.
Initialize engine version: 6000.3.8f1 (1c7db571dde0)
[Subsystems] Discovering subsystems at path /Applications/Unity/Hub/Editor/6000.3.8f1/Unity.app/Contents/Resources/UnitySubsystems
[Subsystems] Discovering subsystems at path /Users/dnzngn/Desktop/BezierSplineAdastec/Assets
GfxDevice: creating device client; kGfxThreadingModeNonThreaded
 preferred device: Apple M1 Pro (high power)
Metal devices available: 1
0: Apple M1 Pro (high power)
Using device Apple M1 Pro (high power)
Initializing Metal device caps: Apple M1 Pro
Mac GPU Family: 2
Apple GPU Family: 7
MSL Version: 3.0
Has Float MSAA: 1
Has Float Filtering: 1
ReadWrite Texture Tier: 2
Initialize mono
Mono path[0] = '/Applications/Unity/Hub/Editor/6000.3.8f1/Unity.app/Contents/Resources/Scripting/Managed'
Mono path[1] = '/Applications/Unity/Hub/Editor/6000.3.8f1/Unity.app/Contents/Resources/Scripting/MonoBleedingEdge/lib/mono/unityjit-macos'
Mono config path = '/Applications/Unity/Hub/Editor/6000.3.8f1/Unity.app/Contents/Resources/Scripting/MonoBleedingEdge/etc'
Using monoOptions --debugger-agent=transport=dt_socket,embedding=1,server=y,suspend=n,address=127.0.0.1:56304
Begin MonoManager ReloadAssembly
[Licensing::Client] Handshaking with LicensingClient:
  Version:                 1.17.4+4293ba1
  Session Id:              280abac46eba4095b4786696ac02b452
  Correlation Id:          ba3a8dda6b701c56c6f88060446d68f5
  External correlation Id: 4172813948512576570
  Machine Id:              Bzzjj7/ljtY4kuX7WxcsYbHTsD0=
[Licensing::Module] Successfully connected to LicensingClient on channel: "LicenseClient-dnzngn" (connect: 0.00s, validation: 0.00s, handshake: 0.61s)
[Licensing::IpcConnector] Successfully connected to: "LicenseClient-dnzngn-notifications" at "2026-02-11T20:08:01.793889Z"
[Licensing::Module] Licensing Background thread has ended after 0.61s
Registering precompiled unity dll's ...
Register platform support module: /Applications/Unity/Hub/Editor/6000.3.8f1/PlaybackEngines/WebGLSupport/UnityEditor.WebGL.Extensions.dll
Register platform support module: /Applications/Unity/Hub/Editor/6000.3.8f1/Unity.app/Contents/PlaybackEngines/MacStandaloneSupport/UnityEditor.OSXStandalone.Extensions.dll
Registered in 0.000443 seconds.
- Loaded All Assemblies, in  0.320 seconds
Native extension for OSXStandalone target not found
Native extension for WebGL target not found
ScheduleIndexationOnStartup MainProcess:False IndexOnStartup:True
Mono: successfully reloaded assembly
- Finished resetting the current domain, in  0.342 seconds
Domain Reload Profiling: 662ms
	BeginReloadAssembly (114ms)
		ExecutionOrderSort (0ms)
		DisableScriptedObjects (0ms)
		BackupInstance (0ms)
		ReleaseScriptingObjects (0ms)
		CreateAndSetChildDomain (0ms)
	RebuildCommonClasses (27ms)
	RebuildNativeTypeToScriptingClass (11ms)
	initialDomainReloadingComplete (28ms)
	LoadAllAssembliesAndSetupDomain (140ms)
		LoadAssemblies (113ms)
		RebuildTransferFunctionScriptingTraits (0ms)
		AnalyzeDomain (139ms)
			TypeCache.Refresh (137ms)
				TypeCache.ScanAssembly (125ms)
			BuildScriptInfoCaches (0ms)
			ResolveRequiredComponents (0ms)
	FinalizeReload (343ms)
		ReleaseScriptCaches (0ms)
		RebuildScriptCaches (0ms)
		SetupLoadedEditorAssemblies (309ms)
			LogAssemblyErrors (0ms)
			InitializePlatformSupportModulesInManaged (34ms)
			SetLoadedEditorAssemblies (3ms)
			BeforeProcessingInitializeOnLoad (80ms)
			ProcessInitializeOnLoadAttributes (139ms)
			ProcessInitializeOnLoadMethodAttributes (54ms)
			AfterProcessingInitializeOnLoad (0ms)
			EditorAssembliesLoaded (0ms)
		ExecutionOrderSort2 (0ms)
		AwakeInstancesAfterBackupRestoration (0ms)
[CoreBusinessMetrics] Unexpected thread when updating session info.
========================================================================
Worker process is ready to serve import requests
Import Worker Mode flag is 0x00
Begin MonoManager ReloadAssembly
[Licensing::Client] Successfully resolved entitlement details
[Licensing::Module] License group:
  Id: 18968378463789-UnityPersXXXX
  Product: Unity Personal
  Type: Assigned
  Expiration: Unlimited
- Loaded All Assemblies, in  0.444 seconds
Refreshing native plugins compatible for Editor in 0.25 ms, found 1 plugins.
Native extension for OSXStandalone target not found
Native extension for WebGL target not found
Package Manager log level set to [2]
[Package Manager] Failed to launch server process. Reason: Unity was launched with the -noUpm command-line argument
[Package Manager] Unable to send message (not connected to server process).
[Package Manager] Cannot connect to Unity Package Manager local server
ScheduleIndexationOnStartup MainProcess:False IndexOnStartup:True
Mono: successfully reloaded assembly
- Finished resetting the current domain, in  0.440 seconds
Domain Reload Profiling: 885ms
	BeginReloadAssembly (95ms)
		ExecutionOrderSort (0ms)
		DisableScriptedObjects (3ms)
		BackupInstance (0ms)
		ReleaseScriptingObjects (0ms)
		CreateAndSetChildDomain (17ms)
	RebuildCommonClasses (27ms)
	RebuildNativeTypeToScriptingClass (10ms)
	initialDomainReloadingComplete (21ms)
	LoadAllAssembliesAndSetupDomain (291ms)
		LoadAssemblies (203ms)
		RebuildTransferFunctionScriptingTraits (0ms)
		AnalyzeDomain (134ms)
			TypeCache.Refresh (106ms)
				TypeCache.ScanAssembly (93ms)
			BuildScriptInfoCaches (22ms)
			ResolveRequiredComponents (3ms)
	FinalizeReload (441ms)
		ReleaseScriptCaches (0ms)
		RebuildScriptCaches (0ms)
		SetupLoadedEditorAssemblies (363ms)
			LogAssemblyErrors (0ms)
			InitializePlatformSupportModulesInManaged (2ms)
			SetLoadedEditorAssemblies (2ms)
			BeforeProcessingInitializeOnLoad (101ms)
			ProcessInitializeOnLoadAttributes (236ms)
			ProcessInitializeOnLoadMethodAttributes (21ms)
			AfterProcessingInitializeOnLoad (1ms)
			EditorAssembliesLoaded (0ms)
		ExecutionOrderSort2 (0ms)
		AwakeInstancesAfterBackupRestoration (2ms)
Launching external process: /Applications/Unity/Hub/Editor/6000.3.8f1/Unity.app/Contents/Helpers/UnityShaderCompiler
Launched and connected shader compiler UnityShaderCompiler after 0.03 seconds
Refreshing native plugins compatible for Editor in 0.57 ms, found 1 plugins.
Preloading 0 native plugins for Editor in 0.00 ms.
Unloading 0 Unused Serialized files (Serialized files now loaded: 0)
Unloading 3893 unused Assets / (0.8 MB). Loaded Objects now: 4474.
Memory consumption went from 98.7 MB to 97.9 MB.
Total: 5.614166 ms (FindLiveObjects: 0.470084 ms CreateObjectMapping: 0.107084 ms MarkObjects: 4.352833 ms  DeleteObjects: 0.683500 ms)

========================================================================
Received Import Request.
  Time since last request: 729698.038011 seconds.
  path: Assets/InputSystem_Actions.inputactions
  artifactKey: Guid(289c1b55c9541489481df5cc06664110) Importer(2089858483,b0f066a214c2f5e87bad3c948f4d605d)
Start importing Assets/InputSystem_Actions.inputactions using Guid(289c1b55c9541489481df5cc06664110) Importer(2089858483,b0f066a214c2f5e87bad3c948f4d605d) (ScriptedImporter) -> (artifact id: '40adc1c662f13e809903696eb1186037') in 0.13379325 seconds
Number of updated asset objects reloaded before import = 0Number of asset objects unloaded after import = 22

========================================================================
Received Import Request.
  Time since last request: 92.021669 seconds.
  path: Assets/Scripts
  artifactKey: Guid(97874e992394a4e748502993f577ee84) Importer(815301076,1909f56bfc062723c751e8b465ee728b)
Start importing Assets/Scripts using Guid(97874e992394a4e748502993f577ee84) Importer(815301076,1909f56bfc062723c751e8b465ee728b) (PreviewImporter) -> (artifact id: 'af2cadfa85ef221d712c0713b436573f') in 0.00055975 seconds
Number of updated asset objects reloaded before import = 0Number of asset objects unloaded after import = 0

========================================================================
Received Import Request.
  Time since last request: 0.927681 seconds.
  path: Assets/Scripts
  artifactKey: Guid(97874e992394a4e748502993f577ee84) Importer(2089858483,b0f066a214c2f5e87bad3c948f4d605d)
Start importing Assets/Scripts using Guid(97874e992394a4e748502993f577ee84) Importer(2089858483,b0f066a214c2f5e87bad3c948f4d605d) (ScriptedImporter) -> (artifact id: '626b6d9ddece1cfee7b42ce7fe3a4738') in 0.0022505 seconds
Number of updated asset objects reloaded before import = 0Number of asset objects unloaded after import = 1

========================================================================
Received Import Request.
  Time since last request: 18.130727 seconds.
  path: Assets/Scripts/Editor
  artifactKey: Guid(5877f852a4e064de9a69e9bc69b2acf3) Importer(815301076,1909f56bfc062723c751e8b465ee728b)
Start importing Assets/Scripts/Editor using Guid(5877f852a4e064de9a69e9bc69b2acf3) Importer(815301076,1909f56bfc062723c751e8b465ee728b) (PreviewImporter) -> (artifact id: 'fbf099b0f4d28f482ce29378c58d733b') in 0.000421042 seconds
Number of updated asset objects reloaded before import = 0Number of asset objects unloaded after import = 0

========================================================================
Received Import Request.
  Time since last request: 0.987588 seconds.
  path: Assets/Scripts/Editor
  artifactKey: Guid(5877f852a4e064de9a69e9bc69b2acf3) Importer(2089858483,b0f066a214c2f5e87bad3c948f4d605d)
Start importing Assets/Scripts/Editor using Guid(5877f852a4e064de9a69e9bc69b2acf3) Importer(2089858483,b0f066a214c2f5e87bad3c948f4d605d) (ScriptedImporter) -> (artifact id: '910bce70a678fcf4b841a43a049ed6c8') in 0.002239583 seconds
Number of updated asset objects reloaded before import = 0Number of asset objects unloaded after import = 1

========================================================================
Received Import Request.
  Time since last request: 10.337345 seconds.
  path: Assets/Scripts/Runtime
  artifactKey: Guid(b4e456294aafb4ca6862576e31848451) Importer(815301076,1909f56bfc062723c751e8b465ee728b)
Start importing Assets/Scripts/Runtime using Guid(b4e456294aafb4ca6862576e31848451) Importer(815301076,1909f56bfc062723c751e8b465ee728b) (PreviewImporter) -> (artifact id: '6f4f7704a0f07753afe100218feb6934') in 0.000403417 seconds
Number of updated asset objects reloaded before import = 0Number of asset objects unloaded after import = 0

========================================================================
Received Import Request.
  Time since last request: 0.983961 seconds.
  path: Assets/Scripts/Runtime
  artifactKey: Guid(b4e456294aafb4ca6862576e31848451) Importer(2089858483,b0f066a214c2f5e87bad3c948f4d605d)
Start importing Assets/Scripts/Runtime using Guid(b4e456294aafb4ca6862576e31848451) Importer(2089858483,b0f066a214c2f5e87bad3c948f4d605d) (ScriptedImporter) -> (artifact id: '50875e348f048d59fc8a7dfcaea3bd57') in 0.002151084 seconds
Number of updated asset objects reloaded before import = 0Number of asset objects unloaded after import = 1

========================================================================
Received Prepare
Refreshing native plugins compatible for Editor in 1.03 ms, found 1 plugins.
Preloading 0 native plugins for Editor in 0.00 ms.
Unloading 0 Unused Serialized files (Serialized files now loaded: 0)
Unloading 3887 unused Assets / (0.9 MB). Loaded Objects now: 4478.
Memory consumption went from 99.8 MB to 98.9 MB.
Total: 8.395875 ms (FindLiveObjects: 0.239250 ms CreateObjectMapping: 0.113167 ms MarkObjects: 7.444209 ms  DeleteObjects: 0.598583 ms)

Prepare: number of updated asset objects reloaded= 0
========================================================================
Received Import Request.
  Time since last request: 546.957226 seconds.
  path: Assets/Scripts/Runtime/BezierSpline.cs
  artifactKey: Guid(765f0e340c01d4e23b6495abb227ec76) Importer(2089858483,b0f066a214c2f5e87bad3c948f4d605d)
Start importing Assets/Scripts/Runtime/BezierSpline.cs using Guid(765f0e340c01d4e23b6495abb227ec76) Importer(2089858483,b0f066a214c2f5e87bad3c948f4d605d) (ScriptedImporter) -> (artifact id: 'd5f721aef701a4c20177261875f08fb4') in 0.011473584 seconds
Number of updated asset objects reloaded before import = 0Number of asset objects unloaded after import = 0

========================================================================
Received Prepare
Begin MonoManager ReloadAssembly
[Licensing::Client] Successfully resolved entitlement details
Thread 0x170647000 may have been prematurely finalized
ADTM: Control thread waiting for realtime thread timed out, have to lock...
- Loaded All Assemblies, in  1.440 seconds
Refreshing native plugins compatible for Editor in 0.28 ms, found 1 plugins.
Native extension for OSXStandalone target not found
Native extension for WebGL target not found
[Package Manager] Failed to launch server process. Reason: Unity was launched with the -noUpm command-line argument
[Package Manager] Unable to send message (not connected to server process).
[Package Manager] Cannot connect to Unity Package Manager local server
ScheduleIndexationOnStartup MainProcess:False IndexOnStartup:True
Mono: successfully reloaded assembly
- Finished resetting the current domain, in  0.426 seconds
Domain Reload Profiling: 1868ms
	BeginReloadAssembly (1147ms)
		ExecutionOrderSort (0ms)
		DisableScriptedObjects (4ms)
		BackupInstance (0ms)
		ReleaseScriptingObjects (0ms)
		CreateAndSetChildDomain (1055ms)
	RebuildCommonClasses (26ms)
	RebuildNativeTypeToScriptingClass (11ms)
	initialDomainReloadingComplete (16ms)
	LoadAllAssembliesAndSetupDomain (241ms)
		LoadAssemblies (186ms)
		RebuildTransferFunctionScriptingTraits (0ms)
		AnalyzeDomain (103ms)
			TypeCache.Refresh (9ms)
				TypeCache.ScanAssembly (0ms)
			BuildScriptInfoCaches (89ms)
			ResolveRequiredComponents (3ms)
	FinalizeReload (427ms)
		ReleaseScriptCaches (0ms)
		RebuildScriptCaches (0ms)
		SetupLoadedEditorAssemblies (349ms)
			LogAssemblyErrors (0ms)
			InitializePlatformSupportModulesInManaged (2ms)
			SetLoadedEditorAssemblies (2ms)
			BeforeProcessingInitializeOnLoad (102ms)
			ProcessInitializeOnLoadAttributes (220ms)
			ProcessInitializeOnLoadMethodAttributes (23ms)
			AfterProcessingInitializeOnLoad (1ms)
			EditorAssembliesLoaded (0ms)
		ExecutionOrderSort2 (0ms)
		AwakeInstancesAfterBackupRestoration (2ms)
Refreshing native plugins compatible for Editor in 0.30 ms, found 1 plugins.
Preloading 0 native plugins for Editor in 0.00 ms.
Unloading 0 Unused Serialized files (Serialized files now loaded: 0)
Unloading 3893 unused Assets / (0.7 MB). Loaded Objects now: 4480.
Memory consumption went from 110.6 MB to 109.9 MB.
Total: 5.173250 ms (FindLiveObjects: 0.202500 ms CreateObjectMapping: 0.188583 ms MarkObjects: 4.212083 ms  DeleteObjects: 0.569708 ms)

Prepare: number of updated asset objects reloaded= 0
========================================================================
Received Prepare
Refreshing native plugins compatible for Editor in 0.34 ms, found 1 plugins.
Preloading 0 native plugins for Editor in 0.00 ms.
Unloading 0 Unused Serialized files (Serialized files now loaded: 0)
Unloading 3889 unused Assets / (450.0 KB). Loaded Objects now: 4482.
Memory consumption went from 108.3 MB to 107.9 MB.
Total: 5.119625 ms (FindLiveObjects: 0.209416 ms CreateObjectMapping: 0.103584 ms MarkObjects: 4.276041 ms  DeleteObjects: 0.529875 ms)

Prepare: number of updated asset objects reloaded= 0
========================================================================
Received Prepare
Begin MonoManager ReloadAssembly
Thread 0x16e24b000 may have been prematurely finalized
ADTM: Control thread waiting for realtime thread timed out, have to lock...
- Loaded All Assemblies, in  1.392 seconds
Refreshing native plugins compatible for Editor in 0.21 ms, found 1 plugins.
Native extension for OSXStandalone target not found
Native extension for WebGL target not found
[Package Manager] Failed to launch server process. Reason: Unity was launched with the -noUpm command-line argument
[Package Manager] Unable to send message (not connected to server process).
[Package Manager] Cannot connect to Unity Package Manager local server
ScheduleIndexationOnStartup MainProcess:False IndexOnStartup:True
Mono: successfully reloaded assembly
- Finished resetting the current domain, in  0.413 seconds
Domain Reload Profiling: 1806ms
	BeginReloadAssembly (1113ms)
		ExecutionOrderSort (0ms)
		DisableScriptedObjects (4ms)
		BackupInstance (0ms)
		ReleaseScriptingObjects (0ms)
		CreateAndSetChildDomain (1033ms)
	RebuildCommonClasses (28ms)
	RebuildNativeTypeToScriptingClass (11ms)
	initialDomainReloadingComplete (14ms)
	LoadAllAssembliesAndSetupDomain (228ms)
		LoadAssemblies (167ms)
		RebuildTransferFunctionScriptingTraits (0ms)
		AnalyzeDomain (102ms)
			TypeCache.Refresh (8ms)
				TypeCache.ScanAssembly (0ms)
			BuildScriptInfoCaches (88ms)
			ResolveRequiredComponents (3ms)
	FinalizeReload (413ms)
		ReleaseScriptCaches (0ms)
		RebuildScriptCaches (0ms)
		SetupLoadedEditorAssemblies (335ms)
			LogAssemblyErrors (0ms)
			InitializePlatformSupportModulesInManaged (2ms)
			SetLoadedEditorAssemblies (2ms)
			BeforeProcessingInitializeOnLoad (97ms)
			ProcessInitializeOnLoadAttributes (210ms)
			ProcessInitializeOnLoadMethodAttributes (23ms)
			AfterProcessingInitializeOnLoad (1ms)
			EditorAssembliesLoaded (0ms)
		ExecutionOrderSort2 (0ms)
		AwakeInstancesAfterBackupRestoration (2ms)
Refreshing native plugins compatible for Editor in 0.37 ms, found 1 plugins.
Preloading 0 native plugins for Editor in 0.00 ms.
Unloading 0 Unused Serialized files (Serialized files now loaded: 0)
Unloading 3895 unused Assets / (0.7 MB). Loaded Objects now: 4483.
Memory consumption went from 117.4 MB to 116.7 MB.
Total: 5.337875 ms (FindLiveObjects: 0.200125 ms CreateObjectMapping: 0.101875 ms MarkObjects: 4.415209 ms  DeleteObjects: 0.619959 ms)

Prepare: number of updated asset objects reloaded= 0
========================================================================
Received Import Request.
  Time since last request: 29.670755 seconds.
  path: Assets/Scripts/Editor/BezierEditorWindow.cs
  artifactKey: Guid(caf044d2dd7ad435e8f3edc6024a9785) Importer(815301076,1909f56bfc062723c751e8b465ee728b)
Start importing Assets/Scripts/Editor/BezierEditorWindow.cs using Guid(caf044d2dd7ad435e8f3edc6024a9785) Importer(815301076,1909f56bfc062723c751e8b465ee728b) (PreviewImporter) -> (artifact id: '75403983001c1cb2293159b39ce6820c') in 0.001045958 seconds
Number of updated asset objects reloaded before import = 0Number of asset objects unloaded after import = 0

========================================================================
Received Prepare
Begin MonoManager ReloadAssembly
[Licensing::Client] Successfully resolved entitlement details
Thread 0x16e24b000 may have been prematurely finalized
ADTM: Control thread waiting for realtime thread timed out, have to lock...
- Loaded All Assemblies, in  1.503 seconds
Refreshing native plugins compatible for Editor in 0.37 ms, found 1 plugins.
Native extension for OSXStandalone target not found
Native extension for WebGL target not found
[Package Manager] Failed to launch server process. Reason: Unity was launched with the -noUpm command-line argument
[Package Manager] Unable to send message (not connected to server process).
[Package Manager] Cannot connect to Unity Package Manager local server
ScheduleIndexationOnStartup MainProcess:False IndexOnStartup:True
Mono: successfully reloaded assembly
- Finished resetting the current domain, in  0.470 seconds
Domain Reload Profiling: 1976ms
	BeginReloadAssembly (1164ms)
		ExecutionOrderSort (0ms)
		DisableScriptedObjects (6ms)
		BackupInstance (0ms)
		ReleaseScriptingObjects (0ms)
		CreateAndSetChildDomain (1048ms)
	RebuildCommonClasses (28ms)
	RebuildNativeTypeToScriptingClass (11ms)
	initialDomainReloadingComplete (21ms)
	LoadAllAssembliesAndSetupDomain (282ms)
		LoadAssemblies (226ms)
		RebuildTransferFunctionScriptingTraits (0ms)
		AnalyzeDomain (120ms)
			TypeCache.Refresh (9ms)
				TypeCache.ScanAssembly (0ms)
			BuildScriptInfoCaches (104ms)
			ResolveRequiredComponents (3ms)
	FinalizeReload (470ms)
		ReleaseScriptCaches (0ms)
		RebuildScriptCaches (0ms)
		SetupLoadedEditorAssemblies (382ms)
			LogAssemblyErrors (0ms)
			InitializePlatformSupportModulesInManaged (2ms)
			SetLoadedEditorAssemblies (3ms)
			BeforeProcessingInitializeOnLoad (113ms)
			ProcessInitializeOnLoadAttributes (237ms)
			ProcessInitializeOnLoadMethodAttributes (26ms)
			AfterProcessingInitializeOnLoad (1ms)
			EditorAssembliesLoaded (0ms)
		ExecutionOrderSort2 (0ms)
		AwakeInstancesAfterBackupRestoration (2ms)
Refreshing native plugins compatible for Editor in 0.45 ms, found 1 plugins.
Preloading 0 native plugins for Editor in 0.00 ms.
Unloading 0 Unused Serialized files (Serialized files now loaded: 0)
Unloading 3895 unused Assets / (0.9 MB). Loaded Objects now: 4484.
Memory consumption went from 124.3 MB to 123.5 MB.
Total: 5.635959 ms (FindLiveObjects: 0.260792 ms CreateObjectMapping: 0.104916 ms MarkObjects: 4.522333 ms  DeleteObjects: 0.747375 ms)

Prepare: number of updated asset objects reloaded= 0
========================================================================
Received Import Request.
  Time since last request: 1111.123856 seconds.
  path: Assets/Scripts/Editor/BezierSplineEditor.cs
  artifactKey: Guid(8d745a9fddfc74147b03dadbcd6d9aa5) Importer(2089858483,b0f066a214c2f5e87bad3c948f4d605d)
Couldn't register non-exiting asset root folder: 'Library/BuildInstructions'
AssetDatabase failed to register asset folder Library/BuildInstructions
Start importing Assets/Scripts/Editor/BezierSplineEditor.cs using Guid(8d745a9fddfc74147b03dadbcd6d9aa5) Importer(2089858483,b0f066a214c2f5e87bad3c948f4d605d) (ScriptedImporter)Failed to build search index for Assets/Scripts/Editor/BezierSplineEditor.cs
System.IO.DirectoryNotFoundException: Could not find a part of the path "/Users/dnzngn/Desktop/BezierSplineAdastec/Library/TempArtifacts/Extra/1ffd36cf34ae14d76ab727e2d528ff2f.b.index".
  at System.IO.FileStream..ctor (System.String path, System.IO.FileMode mode, System.IO.FileAccess access, System.IO.FileShare share, System.Int32 bufferSize, System.Boolean anonymous, System.IO.FileOptions options) [0x00164] in <032c206a1674455bacfc3546f1de5ef3>:0 
  at System.IO.FileStream..ctor (System.String path, System.IO.FileMode mode, System.IO.FileAccess access, System.IO.FileShare share) [0x00000] in <032c206a1674455bacfc3546f1de5ef3>:0 
  at (wrapper remoting-invoke-with-check) System.IO.FileStream..ctor(string,System.IO.FileMode,System.IO.FileAccess,System.IO.FileShare)
  at UnityEditor.Search.SearchIndexArtifactImporter.OnImportAsset (UnityEditor.AssetImporters.AssetImportContext ctx) [0x0008a] in /Users/bokken/build/output/unity/unity/Modules/QuickSearch/Editor/Indexing/SearchIndexArtifactImporter.cs:47 

=================================================================
	Native Crash Reporting
=================================================================
Got a segv while executing native code. This usually indicates
a fatal error in the mono runtime or one of the native libraries 
used by your application.
=================================================================

=================================================================
	Native stacktrace:
=================================================================
	0x15c9c137c - /Applications/Unity/Hub/Editor/6000.3.8f1/Unity.app/Contents/Frameworks/libmonobdwgc-2.0.dylib : mono_dump_native_crash_info
	0x15c9835fc - /Applications/Unity/Hub/Editor/6000.3.8f1/Unity.app/Contents/Frameworks/libmonobdwgc-2.0.dylib : mono_handle_native_crash
	0x15c90be04 - /Applications/Unity/Hub/Editor/6000.3.8f1/Unity.app/Contents/Frameworks/libmonobdwgc-2.0.dylib : mono_sigsegv_signal_handler_debug
	0x18a94f744 - /usr/lib/system/libsystem_platform.dylib : _sigtramp
	0x102dbc94c - /Applications/Unity/Hub/Editor/6000.3.8f1/Unity.app/Contents/MacOS/Unity : _ZN4File5WriteEPKvm
	0x102dbc94c - /Applications/Unity/Hub/Editor/6000.3.8f1/Unity.app/Contents/MacOS/Unity : _ZN4File5WriteEPKvm
	0x102c5e664 - /Applications/Unity/Hub/Editor/6000.3.8f1/Unity.app/Contents/MacOS/Unity : _ZN15FileCacherWrite14LockCacheBlockEmPPhS1_
	0x102c5dba8 - /Applications/Unity/Hub/Editor/6000.3.8f1/Unity.app/Contents/MacOS/Unity : _ZN12CachedWriter5WriteEPKvm
	0x10306164c - /Applications/Unity/Hub/Editor/6000.3.8f1/Unity.app/Contents/MacOS/Unity : _ZN26SerializedFileWriteContext22WriteHeaderAndMetadataEPN3VFS8FileSizeE
	0x103060aac - /Applications/Unity/Hub/Editor/6000.3.8f1/Unity.app/Contents/MacOS/Unity : _ZN26SerializedFileWriteContext13FinishWritingEPN3VFS8FileSizeE
	0x103073804 - /Applications/Unity/Hub/Editor/6000.3.8f1/Unity.app/Contents/MacOS/Unity : _ZN17PersistentManager9WriteFileEN4core16basic_string_refIcEEiPK9WriteDataiRK15GlobalBuildDataPF23VerifyWriteObjectResultP6Object20BuildTargetSelectionESC_24TransferInstructionFlagsR16WriteInformationPK18InstanceIDResolverNS_9LockFlagsEPFiNS_21ReportWrite
	0x103071d54 - /Applications/Unity/Hub/Editor/6000.3.8f1/Unity.app/Contents/MacOS/Unity : _ZN17PersistentManager9WriteFileEN4core16basic_string_refIcEEiPK9WriteDataiRK15GlobalBuildDataPF23VerifyWriteObjectResultP6Object20BuildTargetSelectionESC_24TransferInstructionFlagsPK18InstanceIDResolverNS_9LockFlagsEPFiNS_21ReportWriteObjectStepEiRKNS0_1
	0x10481b5e0 - /Applications/Unity/Hub/Editor/6000.3.8f1/Unity.app/Contents/MacOS/Unity : _ZL19WriteCachedMetaDataRKN4core12basic_stringIcNS_20StringStorageDefaultIcEEEEP13AssetImporterbb
	0x10480b2cc - /Applications/Unity/Hub/Editor/6000.3.8f1/Unity.app/Contents/MacOS/Unity : _ZL15ImportToObjectsRKN4core12basic_stringIcNS_20StringStorageDefaultIcEEEERKNS_8hash_mapIN13AssetDatabase10ImporterIDE12ImporterInfoNS_4hashIS8_EENSt3__18equal_toIS8_EEEERKNS_6vectorI17PostprocessorInfoNS_9allocatorISJ_Lm0EEEEERK25TransientArtifactProvid
	0x104807470 - /Applications/Unity/Hub/Editor/6000.3.8f1/Unity.app/Contents/MacOS/Unity : _Z11ImportAssetRKN4core8hash_mapIN13AssetDatabase10ImporterIDE12ImporterInfoNS_4hashIS2_EENSt3__18equal_toIS2_EEEERKNS_6vectorI17PostprocessorInfoNS_9allocatorISD_Lm0EEEEERK25TransientArtifactProviderRK19AssetResolveTrackerRK17ImportAssetInputsR18ImportAs
	0x1054c2504 - /Applications/Unity/Hub/Editor/6000.3.8f1/Unity.app/Contents/MacOS/Unity : _Z30ImportAssetWithAutoReleasePoolRKN4core8hash_mapIN13AssetDatabase10ImporterIDE12ImporterInfoNS_4hashIS2_EENSt3__18equal_toIS2_EEEERKNS_6vectorI17PostprocessorInfoNS_9allocatorISD_Lm0EEEEERK25TransientArtifactProviderRK19AssetResolveTrackerRK17ImportAss
	0x104835510 - /Applications/Unity/Hub/Editor/6000.3.8f1/Unity.app/Contents/MacOS/Unity : _ZN17AssetImportWorker6ImportER13AssetResolverRK17ImportAssetInputsRK25TransientArtifactProviderR20WorkerImportResponseP15IImportProgressPb
	0x1048ea22c - /Applications/Unity/Hub/Editor/6000.3.8f1/Unity.app/Contents/MacOS/Unity : ___ZZN23AssetImportWorkerClient13HandleMessageERK20ImportRequestMessageENK3$_5clEv_block_invoke
	0x18a7a2ad4 - /usr/lib/system/libdispatch.dylib : _dispatch_client_callout
	0x18a798a18 - /usr/lib/system/libdispatch.dylib : _dispatch_async_and_wait_invoke
	0x18a7a2ad4 - /usr/lib/system/libdispatch.dylib : _dispatch_client_callout
	0x18a7c00d0 - /usr/lib/system/libdispatch.dylib : _dispatch_main_queue_drain.cold.5
	0x18a797f48 - /usr/lib/system/libdispatch.dylib : _dispatch_main_queue_drain
	0x18a797e84 - /usr/lib/system/libdispatch.dylib : _dispatch_main_queue_callback_4CF
	0x18aa0e990 - /System/Library/Frameworks/CoreFoundation.framework/Versions/A/CoreFoundation : __CFRUNLOOP_IS_SERVICING_THE_MAIN_DISPATCH_QUEUE__
	0x18a9e37ec - /System/Library/Frameworks/CoreFoundation.framework/Versions/A/CoreFoundation : __CFRunLoopRun
	0x18aa9de34 - /System/Library/Frameworks/CoreFoundation.framework/Versions/A/CoreFoundation : _CFRunLoopRunSpecificWithOptions
	0x1974d3790 - /System/Library/Frameworks/Carbon.framework/Versions/A/Frameworks/HIToolbox.framework/Versions/A/HIToolbox : RunCurrentEventLoopInMode
	0x1974d6ab8 - /System/Library/Frameworks/Carbon.framework/Versions/A/Frameworks/HIToolbox.framework/Versions/A/HIToolbox : ReceiveNextEventCommon
	0x197660b64 - /System/Library/Frameworks/Carbon.framework/Versions/A/Frameworks/HIToolbox.framework/Versions/A/HIToolbox : _BlockUntilNextEventMatchingListInMode
	0x18f2fcb5c - /System/Library/Frameworks/AppKit.framework/Versions/C/AppKit : _DPSBlockUntilNextEventMatchingListInMode
	0x18edf6e48 - /System/Library/Frameworks/AppKit.framework/Versions/C/AppKit : _DPSNextEvent
	0x18f8c1d0c - /System/Library/Frameworks/AppKit.framework/Versions/C/AppKit : -[NSApplication(NSEventRouting) _nextEventMatchingEventMask:untilDate:inMode:dequeue:]
	0x18f8c1a18 - /System/Library/Frameworks/AppKit.framework/Versions/C/AppKit : -[NSApplication(NSEventRouting) nextEventMatchingMask:untilDate:inMode:dequeue:]
	0x18edef780 - /System/Library/Frameworks/AppKit.framework/Versions/C/AppKit : -[NSApplication run]
	0x18eddb6dc - /System/Library/Frameworks/AppKit.framework/Versions/C/AppKit : NSApplicationMain
	0x10549b398 - /Applications/Unity/Hub/Editor/6000.3.8f1/Unity.app/Contents/MacOS/Unity : _Z10EditorMainiPPKc
	0x10549b67c - /Applications/Unity/Hub/Editor/6000.3.8f1/Unity.app/Contents/MacOS/Unity : main
	0x18a57dd54 - /usr/lib/dyld : start

=================================================================
	Telemetry Dumper:
=================================================================
Pkilling 0x6162100224x from 0x8447749184x
Pkilling 0x6141833216x from 0x8447749184x
Pkilling 0x6145454080x from 0x8447749184x
Pkilling 0x6146027520x from 0x8447749184x
Pkilling 0x6159953920x from 0x8447749184x
Entering thread summarizer pause from 0x8447749184x
Finished thread summarizer pause from 0x8447749184x.
Failed to create breadcrumb file (null)/crash_hash_0x0
debugger-agent: Unable to listen on 14

Waiting for dumping threads to resume

=================================================================
	External Debugger Dump:
=================================================================

=================================================================
	Basic Fault Address Reporting
=================================================================
Memory around native instruction pointer (0x102deac20):0x102deac10  fd 7b 02 a9 fd 83 00 91 f4 03 03 aa 13 20 00 91  .{........... ..
0x102deac20  00 10 42 f9 40 01 00 b4 e3 03 02 aa e2 03 01 aa  ..B.@...........
0x102deac30  08 00 40 f9 08 19 40 f9 e1 03 13 aa e4 03 14 aa  ..@...@.........
0x102deac40  00 01 3f d6 f5 03 00 aa 02 00 00 14 15 00 80 52  ..?............R

=================================================================
	Managed Stacktrace:
=================================================================
=================================================================
Obtained 35 stack frames.
#0  0x00000102deac20 in FileAccessor::Write(unsigned long long, void const*, unsigned long long*)
#1  0x00000102dbc94c in File::Write(void const*, unsigned long)
#2  0x00000102c5e664 in FileCacherWrite::LockCacheBlock(unsigned long, unsigned char**, unsigned char**)
#3  0x00000102c5dba8 in CachedWriter::Write(void const*, unsigned long)
#4  0x0000010306164c in SerializedFileWriteContext::WriteHeaderAndMetadata(VFS::FileSize*)
#5  0x00000103060aac in SerializedFileWriteContext::FinishWriting(VFS::FileSize*)
#6  0x00000103073804 in PersistentManager::WriteFile(core::basic_string_ref<char>, int, WriteData const*, int, GlobalBuildData const&, VerifyWriteObjectResult (*)(Object*, BuildTargetSelection), BuildTargetSelection, TransferInstructionFlags, WriteInformation&, InstanceIDResolver const*, PersistentManager::LockFlags, int (*)(PersistentManager::ReportWriteObjectStep, int, core::basic_string<char, core::StringStorageDefault<char>> const&, EntityId, void*), void*)
#7  0x00000103071d54 in PersistentManager::WriteFile(core::basic_string_ref<char>, int, WriteData const*, int, GlobalBuildData const&, VerifyWriteObjectResult (*)(Object*, BuildTargetSelection), BuildTargetSelection, TransferInstructionFlags, InstanceIDResolver const*, PersistentManager::LockFlags, int (*)(PersistentManager::ReportWriteObjectStep, int, core::basic_string<char, core::StringStorageDefault<char>> const&, EntityId, void*), void*)
#8  0x0000010481b5e0 in WriteCachedMetaData(core::basic_string<char, core::StringStorageDefault<char>> const&, AssetImporter*, bool, bool)
#9  0x0000010480b2cc in ImportToObjects(core::basic_string<char, core::StringStorageDefault<char>> const&, core::hash_map<AssetDatabase::ImporterID, ImporterInfo, core::hash<AssetDatabase::ImporterID>, std::__1::equal_to<AssetDatabase::ImporterID>> const&, core::vector<PostprocessorInfo, core::allocator<PostprocessorInfo, 0ul>> const&, TransientArtifactProvider const&, AssetResolveTracker const&, ImportAssetInputs const&, ImportAssetOutputs&, IImportProgress*)
#10 0x00000104807470 in ImportAsset(core::hash_map<AssetDatabase::ImporterID, ImporterInfo, core::hash<AssetDatabase::ImporterID>, std::__1::equal_to<AssetDatabase::ImporterID>> const&, core::vector<PostprocessorInfo, core::allocator<PostprocessorInfo, 0ul>> const&, TransientArtifactProvider const&, AssetResolveTracker const&, ImportAssetInputs const&, ImportAssetOutputs&, IImportProgress*)
#11 0x000001054c2504 in ImportAssetWithAutoReleasePool(core::hash_map<AssetDatabase::ImporterID, ImporterInfo, core::hash<AssetDatabase::ImporterID>, std::__1::equal_to<AssetDatabase::ImporterID>> const&, core::vector<PostprocessorInfo, core::allocator<PostprocessorInfo, 0ul>> const&, TransientArtifactProvider const&, AssetResolveTracker const&, ImportAssetInputs const&, ImportAssetOutputs&, IImportProgress*)
#12 0x00000104835510 in AssetImportWorker::Import(AssetResolver&, ImportAssetInputs const&, TransientArtifactProvider const&, WorkerImportResponse&, IImportProgress*, bool*)
#13 0x000001048ea22c in invocation function for block in AssetImportWorkerClient::HandleMessage(ImportRequestMessage const&)::$_5::operator()() const
#14 0x0000018a7a2ad4 in _dispatch_client_callout
#15 0x0000018a798a18 in _dispatch_async_and_wait_invoke
#16 0x0000018a7a2ad4 in _dispatch_client_callout
#17 0x0000018a7c00d0 in _dispatch_main_queue_drain.cold.5
#18 0x0000018a797f48 in _dispatch_main_queue_drain
#19 0x0000018a797e84 in _dispatch_main_queue_callback_4CF
#20 0x0000018aa0e990 in __CFRUNLOOP_IS_SERVICING_THE_MAIN_DISPATCH_QUEUE__
#21 0x0000018a9e37ec in __CFRunLoopRun
#22 0x0000018aa9de34 in _CFRunLoopRunSpecificWithOptions
#23 0x000001974d3790 in RunCurrentEventLoopInMode
#24 0x000001974d6ab8 in ReceiveNextEventCommon
#25 0x00000197660b64 in _BlockUntilNextEventMatchingListInMode
#26 0x0000018f2fcb5c in _DPSBlockUntilNextEventMatchingListInMode
#27 0x0000018edf6e48 in _DPSNextEvent
#28 0x0000018f8c1d0c in -[NSApplication(NSEventRouting) _nextEventMatchingEventMask:untilDate:inMode:dequeue:]
#29 0x0000018f8c1a18 in -[NSApplication(NSEventRouting) nextEventMatchingMask:untilDate:inMode:dequeue:]
#30 0x0000018edef780 in -[NSApplication run]
#31 0x0000018eddb6dc in NSApplicationMain
#32 0x0000010549b398 in EditorMain(int, char const**)
#33 0x0000010549b67c in main
#34 0x0000018a57dd54 in start
